0 info it worked if it ends with ok
1 verbose cli [ '/usr/bin/node',
1 verbose cli   '/usr/bin/npm',
1 verbose cli   'install',
1 verbose cli   '--save-dev',
1 verbose cli   'gulp-sourcemaps:',
1 verbose cli   '~1.6.0,' ]
2 info using npm@2.15.9
3 info using node@v4.6.1
4 verbose install initial load of /home/eduardo-basis/teste/angular/package.json
5 warn package.json arquitetura-base-gulp-angularjs@1.0.0 No README data
6 verbose installManyTop reading scoped package data from /home/eduardo-basis/teste/angular/node_modules/browser-sync/package.json
7 verbose installManyTop reading scoped package data from /home/eduardo-basis/teste/angular/node_modules/del/package.json
8 verbose installManyTop reading scoped package data from /home/eduardo-basis/teste/angular/node_modules/gulp/package.json
9 verbose installManyTop reading scoped package data from /home/eduardo-basis/teste/angular/node_modules/gulp-angular-filesort/package.json
10 verbose installManyTop reading scoped package data from /home/eduardo-basis/teste/angular/node_modules/gulp-angular-templatecache/package.json
11 verbose installManyTop reading scoped package data from /home/eduardo-basis/teste/angular/node_modules/gulp-autoprefixer/package.json
12 verbose installManyTop reading scoped package data from /home/eduardo-basis/teste/angular/node_modules/gulp-cssnano/package.json
13 verbose installManyTop reading scoped package data from /home/eduardo-basis/teste/angular/node_modules/gulp-eslint/package.json
14 verbose installManyTop reading scoped package data from /home/eduardo-basis/teste/angular/node_modules/gulp-flatten/package.json
15 verbose installManyTop reading scoped package data from /home/eduardo-basis/teste/angular/node_modules/gulp-htmlmin/package.json
16 verbose installManyTop reading scoped package data from /home/eduardo-basis/teste/angular/node_modules/gulp-inject/package.json
17 verbose installManyTop reading scoped package data from /home/eduardo-basis/teste/angular/node_modules/gulp-load-plugins/package.json
18 verbose installManyTop reading scoped package data from /home/eduardo-basis/teste/angular/node_modules/gulp-ng-annotate/package.json
19 verbose installManyTop reading scoped package data from /home/eduardo-basis/teste/angular/node_modules/gulp-rename/package.json
20 verbose installManyTop reading scoped package data from /home/eduardo-basis/teste/angular/node_modules/gulp-replace/package.json
21 verbose installManyTop reading scoped package data from /home/eduardo-basis/teste/angular/node_modules/gulp-rev/package.json
22 verbose installManyTop reading scoped package data from /home/eduardo-basis/teste/angular/node_modules/gulp-rev-replace/package.json
23 verbose installManyTop reading scoped package data from /home/eduardo-basis/teste/angular/node_modules/gulp-size/package.json
24 verbose installManyTop reading scoped package data from /home/eduardo-basis/teste/angular/node_modules/gulp-uglify/package.json
25 verbose installManyTop reading scoped package data from /home/eduardo-basis/teste/angular/node_modules/gulp-util/package.json
26 verbose installManyTop reading scoped package data from /home/eduardo-basis/teste/angular/node_modules/gulp-watch/package.json
27 verbose installManyTop reading scoped package data from /home/eduardo-basis/teste/angular/node_modules/lodash/package.json
28 verbose installManyTop reading scoped package data from /home/eduardo-basis/teste/angular/node_modules/main-bower-files/package.json
29 verbose installManyTop reading scoped package data from /home/eduardo-basis/teste/angular/node_modules/uglify-save-license/package.json
30 verbose installManyTop reading scoped package data from /home/eduardo-basis/teste/angular/node_modules/wiredep/package.json
31 info package.json gulp-rename@1.2.2 No license field.
32 info package.json uglify-save-license@0.4.1 No license field.
33 verbose readDependencies loading dependencies from /home/eduardo-basis/teste/angular/package.json
34 verbose stack Error: Unsupported URL Type: gulp-sourcemaps:
34 verbose stack     at parseUrl (/usr/lib/node_modules/npm/node_modules.bundled/npm-package-arg/npa.js:169:13)
34 verbose stack     at npa (/usr/lib/node_modules/npm/node_modules.bundled/npm-package-arg/npa.js:75:12)
34 verbose stack     at resolver (/usr/lib/node_modules/npm/lib/install.js:845:42)
34 verbose stack     at /usr/lib/node_modules/npm/node_modules.bundled/slide/lib/async-map.js:52:35
34 verbose stack     at Array.forEach (native)
34 verbose stack     at /usr/lib/node_modules/npm/node_modules.bundled/slide/lib/async-map.js:52:11
34 verbose stack     at Array.forEach (native)
34 verbose stack     at asyncMap (/usr/lib/node_modules/npm/node_modules.bundled/slide/lib/async-map.js:51:8)
34 verbose stack     at /usr/lib/node_modules/npm/lib/install.js:703:5
34 verbose stack     at ReadFileContext.<anonymous> (/usr/lib/node_modules/npm/lib/install.js:368:22)
35 verbose cwd /home/eduardo-basis/teste/angular/src
36 error Linux 4.8.6-201.fc24.x86_64
37 error argv "/usr/bin/node" "/usr/bin/npm" "install" "--save-dev" "gulp-sourcemaps:" "~1.6.0,"
38 error node v4.6.1
39 error npm  v2.15.9
40 error Unsupported URL Type: gulp-sourcemaps:
41 error If you need help, you may report this error at:
41 error     <https://github.com/npm/npm/issues>
42 verbose exit [ 1, true ]
